2011-04-01T15:58:37+02:00 DEBUG : **********************************************************************
2011-04-01T15:58:37+02:00 DEBUG : Logs initialised
2011-04-01T15:58:37+02:00 DEBUG : Database initialised
2011-04-01T15:58:37+02:00 DEBUG : Registry initialised
2011-04-01T15:58:37+02:00 DEBUG : preDispatch user logged : admin user
2011-04-01T15:58:37+02:00 ERR : Error: Action "showpresentation" does not exist and was not trapped in __call()
in file: C:\SERVERS\ms4w\apps\RTM2\trunk\website\htdocs\ogam\library\Zend\Controller\Action.php
on line: 485
trace: Array
(
    [0] => Array
        (
            [file] => C:\SERVERS\ms4w\apps\RTM2\trunk\website\htdocs\ogam\library\Zend\Controller\Action.php
            [line] => 515
            [function] => __call
            [class] => Zend_Controller_Action
            [type] => ->
            [args] => Array
                (
                    [0] => showpresentationAction
                    [1] => Array
                        (
                        )

                )

        )

    [1] => Array
        (
            [file] => C:\SERVERS\ms4w\apps\RTM2\trunk\website\htdocs\ogam\library\Zend\Controller\Dispatcher\Standard.php
            [line] => 295
            [function] => dispatch
            [class] => Zend_Controller_Action
            [type] => ->
            [args] => Array
                (
                    [0] => showpresentationAction
                )

        )

    [2] => Array
        (
            [file] => C:\SERVERS\ms4w\apps\RTM2\trunk\website\htdocs\ogam\library\Zend\Controller\Front.php
            [line] => 954
            [function] => dispatch
            [class] => Zend_Controller_Dispatcher_Standard
            [type] => ->
            [args] => Array
                (
                    [0] => Zend_Controller_Request_Http Object
                        (
                            [_paramSources:protected] => Array
                                (
                                    [0] => _GET
                                    [1] => _POST
                                )

                            [_requestUri:protected] => /rtm2/query/showPresentation/
                            [_baseUrl:protected] => /rtm2
                            [_basePath:protected] => 
                            [_pathInfo:protected] => /query/showPresentation/
                            [_params:protected] => Array
                                (
                                    [controller] => query
                                    [action] => showPresentation
                                    [module] => default
                                )

                            [_rawBody:protected] => 
                            [_aliases:protected] => Array
                                (
                                )

                            [_dispatched:protected] => 1
                            [_module:protected] => default
                            [_moduleKey:protected] => module
                            [_controller:protected] => query
                            [_controllerKey:protected] => controller
                            [_action:protected] => showPresentation
                            [_actionKey:protected] => action
                        )

                    [1] => Zend_Controller_Response_Http Object
                        (
                            [_body:protected] => Array
                                (
                                )

                            [_exceptions:protected] => Array
                                (
                                )

                            [_headers:protected] => Array
                                (
                                )

                            [_headersRaw:protected] => Array
                                (
                                )

                            [_httpResponseCode:protected] => 200
                            [_isRedirect:protected] => 
                            [_renderExceptions:protected] => 
                            [headersSentThrowsException] => 1
                        )

                )

        )

    [3] => Array
        (
            [file] => C:\SERVERS\ms4w\apps\RTM2\trunk\website\htdocs\ogam\public\index.php
            [line] => 68
            [function] => dispatch
            [class] => Zend_Controller_Front
            [type] => ->
            [args] => Array
                (
                )

        )

)

2011-04-01T16:00:03+02:00 DEBUG : **********************************************************************
2011-04-01T16:00:03+02:00 DEBUG : Logs initialised
2011-04-01T16:00:03+02:00 DEBUG : Database initialised
2011-04-01T16:00:03+02:00 DEBUG : Registry initialised
2011-04-01T16:00:37+02:00 DEBUG : **********************************************************************
2011-04-01T16:00:37+02:00 DEBUG : Logs initialised
2011-04-01T16:00:37+02:00 DEBUG : Database initialised
2011-04-01T16:00:37+02:00 DEBUG : Registry initialised
2011-04-01T16:00:39+02:00 DEBUG : **********************************************************************
2011-04-01T16:00:39+02:00 DEBUG : Logs initialised
2011-04-01T16:00:39+02:00 DEBUG : Database initialised
2011-04-01T16:00:39+02:00 DEBUG : Registry initialised
2011-04-01T16:00:45+02:00 DEBUG : **********************************************************************
2011-04-01T16:00:45+02:00 DEBUG : Logs initialised
2011-04-01T16:00:45+02:00 DEBUG : Database initialised
2011-04-01T16:00:45+02:00 DEBUG : Registry initialised
2011-04-01T16:00:45+02:00 ERR : Error: Invalid controller specified (index)
in file: C:\SERVERS\ms4w\apps\RTM2\trunk\website\htdocs\ogam\library\Zend\Controller\Dispatcher\Standard.php
on line: 248
trace: Array
(
    [0] => Array
        (
            [file] => C:\SERVERS\ms4w\apps\RTM2\trunk\website\htdocs\ogam\library\Zend\Controller\Front.php
            [line] => 954
            [function] => dispatch
            [class] => Zend_Controller_Dispatcher_Standard
            [type] => ->
            [args] => Array
                (
                    [0] => Zend_Controller_Request_Http Object
                        (
                            [_paramSources:protected] => Array
                                (
                                    [0] => _GET
                                    [1] => _POST
                                )

                            [_requestUri:protected] => /rtm2/
                            [_baseUrl:protected] => /rtm2
                            [_basePath:protected] => 
                            [_pathInfo:protected] => /
                            [_params:protected] => Array
                                (
                                    [controller] => index
                                    [action] => index
                                    [module] => default
                                )

                            [_rawBody:protected] => 
                            [_aliases:protected] => Array
                                (
                                )

                            [_dispatched:protected] => 1
                            [_module:protected] => default
                            [_moduleKey:protected] => module
                            [_controller:protected] => index
                            [_controllerKey:protected] => controller
                            [_action:protected] => index
                            [_actionKey:protected] => action
                        )

                    [1] => Zend_Controller_Response_Http Object
                        (
                            [_body:protected] => Array
                                (
                                )

                            [_exceptions:protected] => Array
                                (
                                )

                            [_headers:protected] => Array
                                (
                                )

                            [_headersRaw:protected] => Array
                                (
                                )

                            [_httpResponseCode:protected] => 200
                            [_isRedirect:protected] => 
                            [_renderExceptions:protected] => 
                            [headersSentThrowsException] => 1
                        )

                )

        )

    [1] => Array
        (
            [file] => C:\SERVERS\ms4w\apps\RTM2\trunk\website\htdocs\ogam\public\index.php
            [line] => 68
            [function] => dispatch
            [class] => Zend_Controller_Front
            [type] => ->
            [args] => Array
                (
                )

        )

)

2011-04-01T16:00:47+02:00 DEBUG : **********************************************************************
2011-04-01T16:00:47+02:00 DEBUG : Logs initialised
2011-04-01T16:00:47+02:00 DEBUG : Database initialised
2011-04-01T16:00:47+02:00 DEBUG : Registry initialised
2011-04-01T16:00:47+02:00 ERR : Error: Invalid controller specified (index)
in file: C:\SERVERS\ms4w\apps\RTM2\trunk\website\htdocs\ogam\library\Zend\Controller\Dispatcher\Standard.php
on line: 248
trace: Array
(
    [0] => Array
        (
            [file] => C:\SERVERS\ms4w\apps\RTM2\trunk\website\htdocs\ogam\library\Zend\Controller\Front.php
            [line] => 954
            [function] => dispatch
            [class] => Zend_Controller_Dispatcher_Standard
            [type] => ->
            [args] => Array
                (
                    [0] => Zend_Controller_Request_Http Object
                        (
                            [_paramSources:protected] => Array
                                (
                                    [0] => _GET
                                    [1] => _POST
                                )

                            [_requestUri:protected] => /rtm2/
                            [_baseUrl:protected] => /rtm2
                            [_basePath:protected] => 
                            [_pathInfo:protected] => /
                            [_params:protected] => Array
                                (
                                    [controller] => index
                                    [action] => index
                                    [module] => default
                                )

                            [_rawBody:protected] => 
                            [_aliases:protected] => Array
                                (
                                )

                            [_dispatched:protected] => 1
                            [_module:protected] => default
                            [_moduleKey:protected] => module
                            [_controller:protected] => index
                            [_controllerKey:protected] => controller
                            [_action:protected] => index
                            [_actionKey:protected] => action
                        )

                    [1] => Zend_Controller_Response_Http Object
                        (
                            [_body:protected] => Array
                                (
                                )

                            [_exceptions:protected] => Array
                                (
                                )

                            [_headers:protected] => Array
                                (
                                )

                            [_headersRaw:protected] => Array
                                (
                                )

                            [_httpResponseCode:protected] => 200
                            [_isRedirect:protected] => 
                            [_renderExceptions:protected] => 
                            [headersSentThrowsException] => 1
                        )

                )

        )

    [1] => Array
        (
            [file] => C:\SERVERS\ms4w\apps\RTM2\trunk\website\htdocs\ogam\public\index.php
            [line] => 68
            [function] => dispatch
            [class] => Zend_Controller_Front
            [type] => ->
            [args] => Array
                (
                )

        )

)

2011-04-01T16:00:48+02:00 DEBUG : **********************************************************************
2011-04-01T16:00:48+02:00 DEBUG : Logs initialised
2011-04-01T16:00:48+02:00 DEBUG : Database initialised
2011-04-01T16:00:48+02:00 DEBUG : Registry initialised
2011-04-01T16:01:28+02:00 DEBUG : **********************************************************************
2011-04-01T16:01:28+02:00 DEBUG : Logs initialised
2011-04-01T16:01:28+02:00 ERR : Error while initializing database/cache : cache_dir must be a directory
2011-04-01T16:01:28+02:00 ERR : cacheDir : C:\workspace\Eforest\website\htdocs\tmp
2011-04-01T16:01:49+02:00 DEBUG : **********************************************************************
2011-04-01T16:01:49+02:00 DEBUG : Logs initialised
2011-04-01T16:01:50+02:00 DEBUG : Database initialised
2011-04-01T16:01:50+02:00 DEBUG : Registry initialised
2011-04-01T16:04:10+02:00 DEBUG : **********************************************************************
2011-04-01T16:04:10+02:00 DEBUG : Logs initialised
2011-04-01T16:04:10+02:00 DEBUG : Database initialised
2011-04-01T16:04:10+02:00 DEBUG : Registry initialised
2011-04-01T16:06:01+02:00 DEBUG : **********************************************************************
2011-04-01T16:06:01+02:00 DEBUG : Logs initialised
2011-04-01T16:06:01+02:00 DEBUG : Database initialised
2011-04-01T16:06:01+02:00 DEBUG : Registry initialised
2011-04-01T16:41:23+02:00 DEBUG : **********************************************************************
2011-04-01T16:41:23+02:00 DEBUG : Logs initialised
2011-04-01T16:41:23+02:00 DEBUG : Database initialised
2011-04-01T16:41:23+02:00 DEBUG : Registry initialised
