2011-03-31T15:51:04+02:00 DEBUG : **********************************************************************
2011-03-31T15:51:04+02:00 DEBUG : Logs initialised
2011-03-31T15:51:05+02:00 ERR : Error while initializing database : cache_dir must be a directory
2011-03-31T15:55:22+02:00 DEBUG : **********************************************************************
2011-03-31T15:55:22+02:00 DEBUG : Logs initialised
2011-03-31T15:55:22+02:00 ERR : Error while initializing database : cache_dir must be a directory
2011-03-31T16:01:13+02:00 DEBUG : **********************************************************************
2011-03-31T16:01:13+02:00 DEBUG : Logs initialised
2011-03-31T16:01:13+02:00 ERR : Error while initializing database/cache : cache_dir must be a directory
2011-03-31T16:01:13+02:00 ERR : cacheDir : C:\workspace\Eforest\website\htdocs\tmp
2011-03-31T16:01:53+02:00 DEBUG : **********************************************************************
2011-03-31T16:01:53+02:00 DEBUG : Logs initialised
2011-03-31T16:01:53+02:00 ERR : Error while initializing database/cache : cache_dir must be a directory
2011-03-31T16:01:53+02:00 ERR : cacheDir : C:\workspace\Eforest\website\htdocs\tmp
2011-03-31T16:02:39+02:00 DEBUG : **********************************************************************
2011-03-31T16:02:39+02:00 DEBUG : Logs initialised
2011-03-31T16:02:39+02:00 ERR : Error while initializing database/cache : cache_dir must be a directory
2011-03-31T16:02:39+02:00 ERR : cacheDir : C:\workspace\Eforest\website\htdocs\tmp222
2011-03-31T16:06:49+02:00 DEBUG : **********************************************************************
2011-03-31T16:06:49+02:00 DEBUG : Logs initialised
2011-03-31T16:06:49+02:00 ERR : Error while initializing database/cache : cache_dir must be a directory
2011-03-31T16:06:49+02:00 ERR : cacheDir : C:\workspace\Eforest\website\htdocs\tmp
2011-03-31T16:08:55+02:00 DEBUG : **********************************************************************
2011-03-31T16:08:55+02:00 DEBUG : Logs initialised
2011-03-31T16:08:55+02:00 ERR : Error while initializing database/cache : cache_dir must be a directory
2011-03-31T16:08:55+02:00 ERR : cacheDir : C:\workspace\Eforest\website\htdocs\tmp
2011-03-31T16:10:34+02:00 DEBUG : **********************************************************************
2011-03-31T16:10:34+02:00 DEBUG : Logs initialised
2011-03-31T16:10:34+02:00 ERR : Error while initializing database/cache : cache_dir must be a directory
2011-03-31T16:10:34+02:00 ERR : cacheDir : C:\workspace\Eforest\website\htdocs\tmp
2011-03-31T16:41:09+02:00 DEBUG : **********************************************************************
2011-03-31T16:41:09+02:00 DEBUG : Logs initialised
2011-03-31T16:41:09+02:00 ERR : Error while initializing database/cache : cache_dir must be a directory
2011-03-31T16:41:09+02:00 ERR : cacheDir : C:\workspace\Eforest\website\htdocs\tmp
2011-03-31T16:43:38+02:00 DEBUG : **********************************************************************
2011-03-31T16:43:38+02:00 DEBUG : Logs initialised
2011-03-31T16:43:38+02:00 ERR : Error while initializing database/cache : cache_dir must be a directory
2011-03-31T16:43:38+02:00 ERR : cacheDir : C:\workspace\Eforest\website\htdocs\tmp
2011-03-31T16:44:13+02:00 DEBUG : **********************************************************************
2011-03-31T16:44:13+02:00 DEBUG : Logs initialised
2011-03-31T16:44:13+02:00 ERR : Error while initializing database/cache : cache_dir must be a directory
2011-03-31T16:44:13+02:00 ERR : cacheDir : C:\workspace\Eforest\website\htdocs\tmp222
2011-03-31T16:45:45+02:00 DEBUG : **********************************************************************
2011-03-31T16:45:45+02:00 DEBUG : Logs initialised
2011-03-31T16:45:45+02:00 ERR : Error while initializing database/cache : cache_dir must be a directory
2011-03-31T16:45:45+02:00 ERR : cacheDir : C:\workspace\Eforest\website\htdocs\tmp222
2011-03-31T16:48:48+02:00 DEBUG : **********************************************************************
2011-03-31T16:48:48+02:00 DEBUG : Logs initialised
2011-03-31T16:48:48+02:00 ERR : Error while initializing database/cache : cache_dir must be a directory
2011-03-31T16:48:48+02:00 ERR : cacheDir : C:\workspace\Eforest\website\htdocs\tmp222
2011-03-31T16:49:12+02:00 DEBUG : **********************************************************************
2011-03-31T16:49:12+02:00 DEBUG : Logs initialised
2011-03-31T16:49:12+02:00 ERR : Error while initializing database/cache : cache_dir must be a directory
2011-03-31T16:49:12+02:00 ERR : cacheDir : C:\workspace\Eforest\website\htdocs\tmp222
2011-03-31T16:50:50+02:00 DEBUG : **********************************************************************
2011-03-31T16:50:50+02:00 DEBUG : Logs initialised
2011-03-31T16:50:50+02:00 ERR : Error while initializing database/cache : cache_dir must be a directory
2011-03-31T16:50:50+02:00 ERR : cacheDir : C:\workspace\Eforest\website\htdocs\tmp222
2011-03-31T16:50:50+02:00 ERR : ini file : C:\SERVERS\ms4w\apps\RTM2\trunk\website\htdocs\ogam\application../../application/config/app.ini
2011-03-31T16:52:23+02:00 DEBUG : **********************************************************************
2011-03-31T16:52:23+02:00 DEBUG : Logs initialised
2011-03-31T16:52:23+02:00 DEBUG : Database initialised
2011-03-31T16:52:23+02:00 DEBUG : Registry initialised
2011-03-31T16:53:03+02:00 DEBUG : **********************************************************************
2011-03-31T16:53:03+02:00 DEBUG : Logs initialised
2011-03-31T16:53:03+02:00 DEBUG : Database initialised
2011-03-31T16:53:03+02:00 DEBUG : Registry initialised
2011-03-31T16:53:05+02:00 DEBUG : **********************************************************************
2011-03-31T16:53:05+02:00 DEBUG : Logs initialised
2011-03-31T16:53:05+02:00 DEBUG : Database initialised
2011-03-31T16:53:05+02:00 DEBUG : Registry initialised
2011-03-31T16:54:27+02:00 DEBUG : **********************************************************************
2011-03-31T16:54:27+02:00 DEBUG : Logs initialised
2011-03-31T16:54:27+02:00 DEBUG : Database initialised
2011-03-31T16:54:27+02:00 DEBUG : Registry initialised
2011-03-31T16:54:28+02:00 DEBUG : User index
2011-03-31T16:54:28+02:00 DEBUG : showLoginForm : 
2011-03-31T16:54:49+02:00 DEBUG : **********************************************************************
2011-03-31T16:54:49+02:00 DEBUG : Logs initialised
2011-03-31T16:54:49+02:00 DEBUG : Database initialised
2011-03-31T16:54:49+02:00 DEBUG : Registry initialised
2011-03-31T16:54:49+02:00 DEBUG : User index
2011-03-31T16:54:49+02:00 DEBUG : showLoginForm : 
2011-03-31T16:54:57+02:00 DEBUG : **********************************************************************
2011-03-31T16:54:57+02:00 DEBUG : Logs initialised
2011-03-31T16:54:58+02:00 DEBUG : Database initialised
2011-03-31T16:54:58+02:00 DEBUG : Registry initialised
2011-03-31T16:54:58+02:00 DEBUG : validateLogin
2011-03-31T16:54:58+02:00 INFO : getUser :  SELECT users.user_login as login,  user_password as password,  user_name as username,  country_code,  active,  email,  role_code  FROM users  LEFT JOIN role_to_user using(user_login) WHERE user_login = ? 
2011-03-31T16:54:58+02:00 INFO : getPassword :  SELECT user_password  FROM users  WHERE user_login = ?  AND active = '1'
2011-03-31T16:54:58+02:00 INFO : getUser :  SELECT users.user_login as login,  user_password as password,  user_name as username,  country_code,  active,  email,  role_code  FROM users  LEFT JOIN role_to_user using(user_login) WHERE user_login = ? 
2011-03-31T16:54:58+02:00 INFO : getRole :  SELECT role_code, role_label, role_def, degradated_coordinate  FROM role  WHERE role_code = ? 
2011-03-31T16:54:58+02:00 INFO : getRolePermissions :  SELECT permission_code, permission_label  FROM permission_per_role  LEFT JOIN permission using (permission_code)  WHERE role_code = ?
2011-03-31T16:54:58+02:00 DEBUG : **********************************************************************
2011-03-31T16:54:58+02:00 DEBUG : Logs initialised
2011-03-31T16:54:58+02:00 DEBUG : Database initialised
2011-03-31T16:54:58+02:00 DEBUG : Registry initialised
2011-03-31T16:55:10+02:00 DEBUG : **********************************************************************
2011-03-31T16:55:10+02:00 DEBUG : Logs initialised
2011-03-31T16:55:10+02:00 DEBUG : Database initialised
2011-03-31T16:55:10+02:00 DEBUG : Registry initialised
2011-03-31T16:55:11+02:00 DEBUG : preDispatch user logged : admin user
2011-03-31T16:55:11+02:00 DEBUG : Query index
2011-03-31T16:55:11+02:00 DEBUG : showQueryFormAction
2011-03-31T16:55:11+02:00 INFO : cleanPreviousResults request : DELETE FROM result_location WHERE session_id = ? OR ((NOW()-_creationdt)> '2 day')
2011-03-31T16:55:12+02:00 DEBUG : **********************************************************************
2011-03-31T16:55:12+02:00 DEBUG : Logs initialised
2011-03-31T16:55:12+02:00 DEBUG : **********************************************************************
2011-03-31T16:55:12+02:00 DEBUG : Logs initialised
2011-03-31T16:55:12+02:00 DEBUG : Database initialised
2011-03-31T16:55:12+02:00 DEBUG : Database initialised
2011-03-31T16:55:12+02:00 DEBUG : Registry initialised
2011-03-31T16:55:12+02:00 DEBUG : preDispatch user logged : admin user
2011-03-31T16:55:12+02:00 DEBUG : getgridparametersAction
2011-03-31T16:55:13+02:00 DEBUG : preDispatch user logged : admin user
2011-03-31T16:55:13+02:00 DEBUG : getmapparametersAction
2011-03-31T16:55:13+02:00 INFO : getScales : SELECT scale FROM scales ORDER BY scale DESC
2011-03-31T16:55:13+02:00 INFO : getCenter :  SELECT (bb_xmin + bb_xmax) / 2 as x_center, (bb_ymin + bb_ymax) / 2 as y_center, zoom_level
			   	 FROM bounding_box
			   	 WHERE code_country = ?
2011-03-31T16:55:14+02:00 DEBUG : **********************************************************************
2011-03-31T16:55:14+02:00 DEBUG : Logs initialised
2011-03-31T16:55:15+02:00 DEBUG : Database initialised
2011-03-31T16:55:15+02:00 DEBUG : Registry initialised
2011-03-31T16:55:15+02:00 DEBUG : preDispatch user logged : admin user
2011-03-31T16:55:15+02:00 DEBUG : getlayersAction
2011-03-31T16:55:15+02:00 INFO : getLayersList :  SELECT *  FROM layer_definition  LEFT JOIN legend ON (legend.name = layer_definition.layer_name )  WHERE (name is not null)  AND legend.is_layer = 1  AND (country_code IS NULL OR country_code = ?) AND (layer_name NOT IN (SELECT layer_name FROM layer_profile_restriction WHERE role_code = ?)) ORDER BY parent_id, position
2011-03-31T16:55:15+02:00 INFO : getScales : SELECT scale FROM scales ORDER BY scale DESC
2011-03-31T16:55:15+02:00 DEBUG : **********************************************************************
2011-03-31T16:55:15+02:00 DEBUG : Logs initialised
2011-03-31T16:55:15+02:00 DEBUG : Database initialised
2011-03-31T16:55:15+02:00 DEBUG : Registry initialised
2011-03-31T16:55:15+02:00 DEBUG : preDispatch user logged : admin user
2011-03-31T16:55:15+02:00 INFO : getDatasets : SELECT dataset_id as id, label, is_default  FROM dataset ORDER BY dataset_id
2011-03-31T16:55:15+02:00 DEBUG : **********************************************************************
2011-03-31T16:55:15+02:00 DEBUG : Logs initialised
2011-03-31T16:55:15+02:00 DEBUG : Database initialised
2011-03-31T16:55:15+02:00 DEBUG : Registry initialised
2011-03-31T16:55:15+02:00 DEBUG : **********************************************************************
2011-03-31T16:55:15+02:00 DEBUG : Logs initialised
2011-03-31T16:55:15+02:00 DEBUG : Database initialised
2011-03-31T16:55:15+02:00 DEBUG : Registry initialised
2011-03-31T16:55:15+02:00 DEBUG : preDispatch user logged : admin user
2011-03-31T16:55:15+02:00 DEBUG : getTreeLayersAction
2011-03-31T16:55:15+02:00 DEBUG : countryCode : 1
2011-03-31T16:55:15+02:00 DEBUG : _getLegendItems : -1 1
2011-03-31T16:55:15+02:00 INFO : getLegend : parentId : -1 - countryCode : 1
2011-03-31T16:55:15+02:00 INFO : layer_model.getLegend() :  SELECT *  FROM legend  LEFT OUTER JOIN layer_definition  ON (legend.name = layer_definition.layer_name)  WHERE parent_id = '-1' AND (country_code IS NULL OR country_code = ?) AND (layer_name NOT IN (SELECT layer_name FROM layer_profile_restriction WHERE role_code = ?)) ORDER BY position
2011-03-31T16:55:15+02:00 DEBUG : **********************************************************************
2011-03-31T16:55:15+02:00 DEBUG : Logs initialised
2011-03-31T16:55:15+02:00 DEBUG : preDispatch user logged : admin user
2011-03-31T16:55:15+02:00 DEBUG : redirect gettile : http://localhost/cgi-bin/mapserv.exe?map=C:/workspace/OGAM/Mapserv/ogam.map&sessionid=f096cd396a5283a6ef80d1651faa84f19ada5211&LAYERS=result_locations&TRANSPARENT=true&FORMAT=image%2FPNG&ISHIDDEN=false&ISDISABLED=true&ISCHECKED=true&ACTIVATETYPE=REQUEST&HASSLD=false&SESSION_ID=f096cd396a5283a6ef80d1651faa84f19ada5211&COUNTRY_CODE=1&SERVICE=WMS&VERSION=1.1.1&REQUEST=GetMap&STYLES=&EXCEPTIONS=application%2Fvnd.ogc.se_inimage&SRS=EPSG%3A3035&BBOX=2249500.7886691,1244750.7372342,5170499.211331,3975249.2627658&WIDTH=828&HEIGHT=774
2011-03-31T16:55:15+02:00 DEBUG : Database initialised
2011-03-31T16:55:15+02:00 DEBUG : Registry initialised
2011-03-31T16:55:16+02:00 DEBUG : **********************************************************************
2011-03-31T16:55:16+02:00 DEBUG : Logs initialised
2011-03-31T16:55:16+02:00 DEBUG : Database initialised
2011-03-31T16:55:16+02:00 DEBUG : Registry initialised
2011-03-31T16:55:16+02:00 DEBUG : **********************************************************************
2011-03-31T16:55:16+02:00 DEBUG : Logs initialised
2011-03-31T16:55:16+02:00 DEBUG : Database initialised
2011-03-31T16:55:16+02:00 DEBUG : Registry initialised
2011-03-31T16:55:16+02:00 DEBUG : **********************************************************************
2011-03-31T16:55:16+02:00 DEBUG : Logs initialised
2011-03-31T16:55:16+02:00 DEBUG : Database initialised
2011-03-31T16:55:16+02:00 DEBUG : Registry initialised
2011-03-31T16:55:16+02:00 DEBUG : **********************************************************************
2011-03-31T16:55:16+02:00 DEBUG : Logs initialised
2011-03-31T16:55:16+02:00 DEBUG : Database initialised
2011-03-31T16:55:16+02:00 DEBUG : Registry initialised
2011-03-31T16:55:18+02:00 DEBUG : preDispatch user logged : admin user
2011-03-31T16:55:18+02:00 DEBUG : ajaxgetformsAction
2011-03-31T16:55:18+02:00 DEBUG : datasetId : SPECIES
2011-03-31T16:55:18+02:00 DEBUG : requestName : 
2011-03-31T16:55:18+02:00 INFO : getForms :  SELECT distinct form_format.format, form_format.label, form_format.definition, position  FROM (        SELECT DISTINCT field_mapping.src_format as format        FROM dataset        LEFT JOIN dataset_fields USING (dataset_id)        LEFT JOIN field_mapping ON (                       dataset_fields.format = field_mapping.dst_format                       AND dataset_fields.data = field_mapping.dst_data                       AND field_mapping.mapping_type = 'FORM')        WHERE src_format IS NOT NULL       AND schema_code = ? AND dataset_id = ?      ) as foo       LEFT JOIN form_format on (form_format.format = foo.format)       ORDER BY position
2011-03-31T16:55:18+02:00 INFO : getFormFields : SPECIES LOCATION_FORM RAW_DATA
2011-03-31T16:55:18+02:00 INFO : getFormFields :  SELECT DISTINCT form_field.*, data.label, data.definition, unit.type, unit.unit  FROM form_field  LEFT JOIN data using (data)  LEFT JOIN unit using (unit)  WHERE format = ? AND is_criteria = '1' AND (data IN (  SELECT data  FROM dataset_fields  LEFT JOIN field_mapping on (dataset_fields.format = field_mapping.dst_format AND dataset_fields.data = field_mapping.dst_data AND mapping_type='FORM')  WHERE dataset_id = ?  AND schema_code = ?  AND src_format = ?  ) ) ORDER BY position
2011-03-31T16:55:18+02:00 INFO : getFormFields : SPECIES LOCATION_FORM RAW_DATA
2011-03-31T16:55:18+02:00 INFO : getFormFields :  SELECT DISTINCT form_field.*, data.label, data.definition, unit.type, unit.unit  FROM form_field  LEFT JOIN data using (data)  LEFT JOIN unit using (unit)  WHERE format = ? AND is_result = '1' AND (data IN (  SELECT data  FROM dataset_fields  LEFT JOIN field_mapping on (dataset_fields.format = field_mapping.dst_format AND dataset_fields.data = field_mapping.dst_data AND mapping_type='FORM')  WHERE dataset_id = ?  AND schema_code = ?  AND src_format = ?  ) ) ORDER BY position
2011-03-31T16:55:18+02:00 INFO : getFormFields : SPECIES PLOT_FORM RAW_DATA
2011-03-31T16:55:18+02:00 INFO : getFormFields :  SELECT DISTINCT form_field.*, data.label, data.definition, unit.type, unit.unit  FROM form_field  LEFT JOIN data using (data)  LEFT JOIN unit using (unit)  WHERE format = ? AND is_criteria = '1' AND (data IN (  SELECT data  FROM dataset_fields  LEFT JOIN field_mapping on (dataset_fields.format = field_mapping.dst_format AND dataset_fields.data = field_mapping.dst_data AND mapping_type='FORM')  WHERE dataset_id = ?  AND schema_code = ?  AND src_format = ?  ) ) ORDER BY position
2011-03-31T16:55:18+02:00 INFO : getFormFields : SPECIES PLOT_FORM RAW_DATA
2011-03-31T16:55:18+02:00 INFO : getFormFields :  SELECT DISTINCT form_field.*, data.label, data.definition, unit.type, unit.unit  FROM form_field  LEFT JOIN data using (data)  LEFT JOIN unit using (unit)  WHERE format = ? AND is_result = '1' AND (data IN (  SELECT data  FROM dataset_fields  LEFT JOIN field_mapping on (dataset_fields.format = field_mapping.dst_format AND dataset_fields.data = field_mapping.dst_data AND mapping_type='FORM')  WHERE dataset_id = ?  AND schema_code = ?  AND src_format = ?  ) ) ORDER BY position
2011-03-31T16:55:18+02:00 INFO : getFormFields : SPECIES SPECIES_FORM RAW_DATA
2011-03-31T16:55:18+02:00 INFO : getFormFields :  SELECT DISTINCT form_field.*, data.label, data.definition, unit.type, unit.unit  FROM form_field  LEFT JOIN data using (data)  LEFT JOIN unit using (unit)  WHERE format = ? AND is_criteria = '1' AND (data IN (  SELECT data  FROM dataset_fields  LEFT JOIN field_mapping on (dataset_fields.format = field_mapping.dst_format AND dataset_fields.data = field_mapping.dst_data AND mapping_type='FORM')  WHERE dataset_id = ?  AND schema_code = ?  AND src_format = ?  ) ) ORDER BY position
2011-03-31T16:55:18+02:00 INFO : getFormFields : SPECIES SPECIES_FORM RAW_DATA
2011-03-31T16:55:18+02:00 INFO : getFormFields :  SELECT DISTINCT form_field.*, data.label, data.definition, unit.type, unit.unit  FROM form_field  LEFT JOIN data using (data)  LEFT JOIN unit using (unit)  WHERE format = ? AND is_result = '1' AND (data IN (  SELECT data  FROM dataset_fields  LEFT JOIN field_mapping on (dataset_fields.format = field_mapping.dst_format AND dataset_fields.data = field_mapping.dst_data AND mapping_type='FORM')  WHERE dataset_id = ?  AND schema_code = ?  AND src_format = ?  ) ) ORDER BY position
2011-03-31T16:55:18+02:00 INFO : getModes : SELECT code, label FROM mode WHERE unit = ? ORDER BY position, code
2011-03-31T16:55:18+02:00 INFO : getRange : BASAL_AREA
2011-03-31T16:55:18+02:00 INFO : getRange : SELECT min, max
                FROM data
                LEFT JOIN range USING (unit)
                WHERE data.data = ?
2011-03-31T16:55:18+02:00 DEBUG : preDispatch user logged : admin user
2011-03-31T16:55:18+02:00 DEBUG : uri : http://localhost/cgi-bin/mapserv.exe?map=C:/workspace/OGAM/Mapserv/ogam.map&SERVICE=WMS&VERSION=1.1.1&REQUEST=GetLegendGraphic&Format=image/png&WIDTH=160&LAYER=all_harmonized_locations&HASSLD=false
2011-03-31T16:55:18+02:00 DEBUG : activation : false
2011-03-31T16:55:18+02:00 DEBUG : redirect getlegendimage : http://localhost/cgi-bin/mapserv.exe?map=C:/workspace/OGAM/Mapserv/ogam.map&SERVICE=WMS&VERSION=1.1.1&REQUEST=GetLegendGraphic&Format=image/png&WIDTH=160&LAYER=all_harmonized_locations&HASSLD=false
2011-03-31T16:55:18+02:00 DEBUG : preDispatch user logged : admin user
2011-03-31T16:55:18+02:00 DEBUG : uri : http://localhost/cgi-bin/mapserv.exe?map=C:/workspace/OGAM/Mapserv/ogam.map&SERVICE=WMS&VERSION=1.1.1&REQUEST=GetLegendGraphic&Format=image/png&WIDTH=160&LAYER=all_locations&HASSLD=false
2011-03-31T16:55:18+02:00 DEBUG : activation : false
2011-03-31T16:55:18+02:00 DEBUG : redirect getlegendimage : http://localhost/cgi-bin/mapserv.exe?map=C:/workspace/OGAM/Mapserv/ogam.map&SERVICE=WMS&VERSION=1.1.1&REQUEST=GetLegendGraphic&Format=image/png&WIDTH=160&LAYER=all_locations&HASSLD=false
2011-03-31T16:55:18+02:00 DEBUG : preDispatch user logged : admin user
2011-03-31T16:55:18+02:00 DEBUG : uri : http://localhost/cgi-bin/mapserv.exe?map=C:/workspace/OGAM/Mapserv/ogam.map&SERVICE=WMS&VERSION=1.1.1&REQUEST=GetLegendGraphic&Format=image/png&WIDTH=160&LAYER=nuts_0&HASSLD=false
2011-03-31T16:55:18+02:00 DEBUG : activation : false
2011-03-31T16:55:18+02:00 DEBUG : redirect getlegendimage : http://localhost/cgi-bin/mapserv.exe?map=C:/workspace/OGAM/Mapserv/ogam.map&SERVICE=WMS&VERSION=1.1.1&REQUEST=GetLegendGraphic&Format=image/png&WIDTH=160&LAYER=nuts_0&HASSLD=false
2011-03-31T16:55:18+02:00 DEBUG : preDispatch user logged : admin user
2011-03-31T16:55:18+02:00 DEBUG : redirect gettile : http://localhost/cgi-bin/mapserv.exe?map=C:/workspace/OGAM/Mapserv/ogam.map&sessionid=f096cd396a5283a6ef80d1651faa84f19ada5211&LAYERS=result_locations&TRANSPARENT=true&FORMAT=image%2FPNG&ISHIDDEN=false&ISDISABLED=true&ISCHECKED=true&ACTIVATETYPE=REQUEST&HASSLD=false&SESSION_ID=f096cd396a5283a6ef80d1651faa84f19ada5211&COUNTRY_CODE=1&SERVICE=WMS&VERSION=1.1.1&REQUEST=GetMap&STYLES=&EXCEPTIONS=application%2Fvnd.ogc.se_inimage&SRS=EPSG%3A3035&BBOX=2249500.7886691,1313542.3667534,5170499.211331,3906457.6332466&WIDTH=828&HEIGHT=735
2011-03-31T16:55:21+02:00 DEBUG : **********************************************************************
2011-03-31T16:55:21+02:00 DEBUG : Logs initialised
2011-03-31T16:55:22+02:00 DEBUG : Database initialised
2011-03-31T16:55:22+02:00 DEBUG : Registry initialised
2011-03-31T16:55:22+02:00 DEBUG : preDispatch user logged : admin user
2011-03-31T16:55:22+02:00 DEBUG : ajaxgetresultcolumns
2011-03-31T16:55:22+02:00 INFO : getFormToTableMapping : PLOT_FORM IS_FOREST_PLOT RAW_DATA
2011-03-31T16:55:22+02:00 INFO : getFormToTableMapping :  SELECT table_field.*, data.label, data.definition, unit.unit, unit.type  FROM field_mapping  LEFT JOIN table_field on (field_mapping.dst_format = table_field.format AND field_mapping.dst_data = table_field.data)  LEFT JOIN dataset_fields on (dataset_fields.format = table_field.format AND dataset_fields.data = table_field.data)  LEFT JOIN data on (table_field.data = data.data) LEFT JOIN unit on (data.unit = unit.unit) WHERE src_format = ?  AND src_data = ?  AND schema_code = ?  AND mapping_type = 'FORM'
2011-03-31T16:55:22+02:00 INFO : getFormToTableMapping : PLOT_FORM PLOT_CODE RAW_DATA
2011-03-31T16:55:22+02:00 INFO : getFormToTableMapping :  SELECT table_field.*, data.label, data.definition, unit.unit, unit.type  FROM field_mapping  LEFT JOIN table_field on (field_mapping.dst_format = table_field.format AND field_mapping.dst_data = table_field.data)  LEFT JOIN dataset_fields on (dataset_fields.format = table_field.format AND dataset_fields.data = table_field.data)  LEFT JOIN data on (table_field.data = data.data) LEFT JOIN unit on (data.unit = unit.unit) WHERE src_format = ?  AND src_data = ?  AND schema_code = ?  AND mapping_type = 'FORM'
2011-03-31T16:55:22+02:00 INFO : getFormToTableMapping : PLOT_FORM CYCLE RAW_DATA
2011-03-31T16:55:22+02:00 INFO : getFormToTableMapping :  SELECT table_field.*, data.label, data.definition, unit.unit, unit.type  FROM field_mapping  LEFT JOIN table_field on (field_mapping.dst_format = table_field.format AND field_mapping.dst_data = table_field.data)  LEFT JOIN dataset_fields on (dataset_fields.format = table_field.format AND dataset_fields.data = table_field.data)  LEFT JOIN data on (table_field.data = data.data) LEFT JOIN unit on (data.unit = unit.unit) WHERE src_format = ?  AND src_data = ?  AND schema_code = ?  AND mapping_type = 'FORM'
2011-03-31T16:55:22+02:00 INFO : getFormToTableMapping : PLOT_FORM INV_DATE RAW_DATA
2011-03-31T16:55:22+02:00 INFO : getFormToTableMapping :  SELECT table_field.*, data.label, data.definition, unit.unit, unit.type  FROM field_mapping  LEFT JOIN table_field on (field_mapping.dst_format = table_field.format AND field_mapping.dst_data = table_field.data)  LEFT JOIN dataset_fields on (dataset_fields.format = table_field.format AND dataset_fields.data = table_field.data)  LEFT JOIN data on (table_field.data = data.data) LEFT JOIN unit on (data.unit = unit.unit) WHERE src_format = ?  AND src_data = ?  AND schema_code = ?  AND mapping_type = 'FORM'
2011-03-31T16:55:22+02:00 INFO : getFormToTableMapping : PLOT_FORM IS_FOREST_PLOT RAW_DATA
2011-03-31T16:55:22+02:00 INFO : getFormToTableMapping :  SELECT table_field.*, data.label, data.definition, unit.unit, unit.type  FROM field_mapping  LEFT JOIN table_field on (field_mapping.dst_format = table_field.format AND field_mapping.dst_data = table_field.data)  LEFT JOIN dataset_fields on (dataset_fields.format = table_field.format AND dataset_fields.data = table_field.data)  LEFT JOIN data on (table_field.data = data.data) LEFT JOIN unit on (data.unit = unit.unit) WHERE src_format = ?  AND src_data = ?  AND schema_code = ?  AND mapping_type = 'FORM'
2011-03-31T16:55:22+02:00 INFO : getFormToTableMapping : PLOT_FORM COMMENT RAW_DATA
2011-03-31T16:55:22+02:00 INFO : getFormToTableMapping :  SELECT table_field.*, data.label, data.definition, unit.unit, unit.type  FROM field_mapping  LEFT JOIN table_field on (field_mapping.dst_format = table_field.format AND field_mapping.dst_data = table_field.data)  LEFT JOIN dataset_fields on (dataset_fields.format = table_field.format AND dataset_fields.data = table_field.data)  LEFT JOIN data on (table_field.data = data.data) LEFT JOIN unit on (data.unit = unit.unit) WHERE src_format = ?  AND src_data = ?  AND schema_code = ?  AND mapping_type = 'FORM'
2011-03-31T16:55:22+02:00 DEBUG : generateSQLSelectRequest
2011-03-31T16:55:22+02:00 INFO : getTablesTree : tableFormat:PLOT_DATA fieldName:IS_FOREST_PLOT schemaCode:RAW_DATA
2011-03-31T16:55:22+02:00 INFO : getTablesTree :  SELECT child_table, parent_table, join_key, primary_key, table_format.table_name  FROM table_tree  LEFT JOIN table_format on (child_table = table_format.format)  WHERE child_table = ?  AND table_tree.schema_code = ?
2011-03-31T16:55:22+02:00 INFO : getTablesTree : tableFormat:LOCATION_DATA fieldName:IS_FOREST_PLOT schemaCode:RAW_DATA
2011-03-31T16:55:22+02:00 INFO : getTablesTree :  SELECT child_table, parent_table, join_key, primary_key, table_format.table_name  FROM table_tree  LEFT JOIN table_format on (child_table = table_format.format)  WHERE child_table = ?  AND table_tree.schema_code = ?
2011-03-31T16:55:22+02:00 INFO : getTablesTree : tableFormat:PLOT_DATA fieldName:PLOT_CODE schemaCode:RAW_DATA
2011-03-31T16:55:22+02:00 INFO : getTablesTree :  SELECT child_table, parent_table, join_key, primary_key, table_format.table_name  FROM table_tree  LEFT JOIN table_format on (child_table = table_format.format)  WHERE child_table = ?  AND table_tree.schema_code = ?
2011-03-31T16:55:22+02:00 INFO : getTablesTree : tableFormat:LOCATION_DATA fieldName:PLOT_CODE schemaCode:RAW_DATA
2011-03-31T16:55:22+02:00 INFO : getTablesTree :  SELECT child_table, parent_table, join_key, primary_key, table_format.table_name  FROM table_tree  LEFT JOIN table_format on (child_table = table_format.format)  WHERE child_table = ?  AND table_tree.schema_code = ?
2011-03-31T16:55:22+02:00 INFO : getTablesTree : tableFormat:PLOT_DATA fieldName:CYCLE schemaCode:RAW_DATA
2011-03-31T16:55:22+02:00 INFO : getTablesTree :  SELECT child_table, parent_table, join_key, primary_key, table_format.table_name  FROM table_tree  LEFT JOIN table_format on (child_table = table_format.format)  WHERE child_table = ?  AND table_tree.schema_code = ?
2011-03-31T16:55:22+02:00 INFO : getTablesTree : tableFormat:LOCATION_DATA fieldName:CYCLE schemaCode:RAW_DATA
2011-03-31T16:55:22+02:00 INFO : getTablesTree :  SELECT child_table, parent_table, join_key, primary_key, table_format.table_name  FROM table_tree  LEFT JOIN table_format on (child_table = table_format.format)  WHERE child_table = ?  AND table_tree.schema_code = ?
2011-03-31T16:55:22+02:00 INFO : getTablesTree : tableFormat:PLOT_DATA fieldName:INV_DATE schemaCode:RAW_DATA
2011-03-31T16:55:22+02:00 INFO : getTablesTree :  SELECT child_table, parent_table, join_key, primary_key, table_format.table_name  FROM table_tree  LEFT JOIN table_format on (child_table = table_format.format)  WHERE child_table = ?  AND table_tree.schema_code = ?
2011-03-31T16:55:22+02:00 INFO : getTablesTree : tableFormat:LOCATION_DATA fieldName:INV_DATE schemaCode:RAW_DATA
2011-03-31T16:55:22+02:00 INFO : getTablesTree :  SELECT child_table, parent_table, join_key, primary_key, table_format.table_name  FROM table_tree  LEFT JOIN table_format on (child_table = table_format.format)  WHERE child_table = ?  AND table_tree.schema_code = ?
2011-03-31T16:55:22+02:00 INFO : getTablesTree : tableFormat:PLOT_DATA fieldName:COMMENT schemaCode:RAW_DATA
2011-03-31T16:55:22+02:00 INFO : getTablesTree :  SELECT child_table, parent_table, join_key, primary_key, table_format.table_name  FROM table_tree  LEFT JOIN table_format on (child_table = table_format.format)  WHERE child_table = ?  AND table_tree.schema_code = ?
2011-03-31T16:55:22+02:00 INFO : getTablesTree : tableFormat:LOCATION_DATA fieldName:COMMENT schemaCode:RAW_DATA
2011-03-31T16:55:22+02:00 INFO : getTablesTree :  SELECT child_table, parent_table, join_key, primary_key, table_format.table_name  FROM table_tree  LEFT JOIN table_format on (child_table = table_format.format)  WHERE child_table = ?  AND table_tree.schema_code = ?
2011-03-31T16:55:22+02:00 DEBUG : getLocationTableFields : RAW_DATA
2011-03-31T16:55:22+02:00 INFO : getTableFields : SELECT DISTINCT table_field.*, data.label, data.unit, unit.type, data.definition  FROM table_field  LEFT JOIN table_format on (table_field.format = table_format.format)  LEFT JOIN data on (table_field.data = data.data)  LEFT JOIN unit on (data.unit = unit.unit)  WHERE table_field.format IN ( 'LOCATION_DATA', 'PLOT_DATA' )  AND table_format.schema_code = ?  AND data.unit = 'GEOM' 
2011-03-31T16:55:22+02:00 DEBUG : generateSQLFromWhereRequest
2011-03-31T16:55:22+02:00 INFO : getTablesTree : tableFormat:PLOT_DATA fieldName:IS_FOREST_PLOT schemaCode:RAW_DATA
2011-03-31T16:55:22+02:00 INFO : getTablesTree :  SELECT child_table, parent_table, join_key, primary_key, table_format.table_name  FROM table_tree  LEFT JOIN table_format on (child_table = table_format.format)  WHERE child_table = ?  AND table_tree.schema_code = ?
2011-03-31T16:55:22+02:00 INFO : getTablesTree : tableFormat:LOCATION_DATA fieldName:IS_FOREST_PLOT schemaCode:RAW_DATA
2011-03-31T16:55:22+02:00 INFO : getTablesTree :  SELECT child_table, parent_table, join_key, primary_key, table_format.table_name  FROM table_tree  LEFT JOIN table_format on (child_table = table_format.format)  WHERE child_table = ?  AND table_tree.schema_code = ?
2011-03-31T16:55:22+02:00 INFO : getTablesTree : tableFormat:PLOT_DATA fieldName:PLOT_CODE schemaCode:RAW_DATA
2011-03-31T16:55:22+02:00 INFO : getTablesTree :  SELECT child_table, parent_table, join_key, primary_key, table_format.table_name  FROM table_tree  LEFT JOIN table_format on (child_table = table_format.format)  WHERE child_table = ?  AND table_tree.schema_code = ?
2011-03-31T16:55:22+02:00 INFO : getTablesTree : tableFormat:LOCATION_DATA fieldName:PLOT_CODE schemaCode:RAW_DATA
2011-03-31T16:55:22+02:00 INFO : getTablesTree :  SELECT child_table, parent_table, join_key, primary_key, table_format.table_name  FROM table_tree  LEFT JOIN table_format on (child_table = table_format.format)  WHERE child_table = ?  AND table_tree.schema_code = ?
2011-03-31T16:55:22+02:00 INFO : getTablesTree : tableFormat:PLOT_DATA fieldName:CYCLE schemaCode:RAW_DATA
2011-03-31T16:55:22+02:00 INFO : getTablesTree :  SELECT child_table, parent_table, join_key, primary_key, table_format.table_name  FROM table_tree  LEFT JOIN table_format on (child_table = table_format.format)  WHERE child_table = ?  AND table_tree.schema_code = ?
2011-03-31T16:55:22+02:00 INFO : getTablesTree : tableFormat:LOCATION_DATA fieldName:CYCLE schemaCode:RAW_DATA
2011-03-31T16:55:22+02:00 INFO : getTablesTree :  SELECT child_table, parent_table, join_key, primary_key, table_format.table_name  FROM table_tree  LEFT JOIN table_format on (child_table = table_format.format)  WHERE child_table = ?  AND table_tree.schema_code = ?
2011-03-31T16:55:22+02:00 INFO : getTablesTree : tableFormat:PLOT_DATA fieldName:INV_DATE schemaCode:RAW_DATA
2011-03-31T16:55:22+02:00 INFO : getTablesTree :  SELECT child_table, parent_table, join_key, primary_key, table_format.table_name  FROM table_tree  LEFT JOIN table_format on (child_table = table_format.format)  WHERE child_table = ?  AND table_tree.schema_code = ?
2011-03-31T16:55:22+02:00 INFO : getTablesTree : tableFormat:LOCATION_DATA fieldName:INV_DATE schemaCode:RAW_DATA
2011-03-31T16:55:22+02:00 INFO : getTablesTree :  SELECT child_table, parent_table, join_key, primary_key, table_format.table_name  FROM table_tree  LEFT JOIN table_format on (child_table = table_format.format)  WHERE child_table = ?  AND table_tree.schema_code = ?
2011-03-31T16:55:22+02:00 INFO : getTablesTree : tableFormat:PLOT_DATA fieldName:COMMENT schemaCode:RAW_DATA
2011-03-31T16:55:22+02:00 INFO : getTablesTree :  SELECT child_table, parent_table, join_key, primary_key, table_format.table_name  FROM table_tree  LEFT JOIN table_format on (child_table = table_format.format)  WHERE child_table = ?  AND table_tree.schema_code = ?
2011-03-31T16:55:22+02:00 INFO : getTablesTree : tableFormat:LOCATION_DATA fieldName:COMMENT schemaCode:RAW_DATA
2011-03-31T16:55:22+02:00 INFO : getTablesTree :  SELECT child_table, parent_table, join_key, primary_key, table_format.table_name  FROM table_tree  LEFT JOIN table_format on (child_table = table_format.format)  WHERE child_table = ?  AND table_tree.schema_code = ?
2011-03-31T16:55:22+02:00 DEBUG : $select : SELECT DISTINCT PLOT_DATA.PLOT_CODE as PLOT_DATA__PLOT_CODE, PLOT_DATA.CYCLE as PLOT_DATA__CYCLE, to_char(PLOT_DATA.INV_DATE, 'YYYY/MM/DD') as PLOT_DATA__INV_DATE, PLOT_DATA.IS_FOREST_PLOT as PLOT_DATA__IS_FOREST_PLOT, PLOT_DATA.COMMENT as PLOT_DATA__COMMENT, 'SCHEMA/RAW_DATA/FORMAT/PLOT_DATA' || '/' || 'PROVIDER_ID/' ||PLOT_DATA.PROVIDER_ID || '/' || 'PLOT_CODE/' ||PLOT_DATA.PLOT_CODE || '/' || 'CYCLE/' ||PLOT_DATA.CYCLE as id, astext(centroid(st_transform(LOCATION_DATA.THE_GEOM,3035))) as location_centroid 
2011-03-31T16:55:22+02:00 DEBUG : $fromwhere :  FROM LOCATION LOCATION_DATA JOIN PLOT_DATA PLOT_DATA on (PLOT_DATA.PROVIDER_ID = LOCATION_DATA.PROVIDER_ID AND PLOT_DATA.PLOT_CODE = LOCATION_DATA.PLOT_CODE) WHERE (1 = 1)  AND PLOT_DATA.IS_FOREST_PLOT = '1'
2011-03-31T16:55:22+02:00 DEBUG : SessionId : f096cd396a5283a6ef80d1651faa84f19ada5211
2011-03-31T16:55:22+02:00 INFO : cleanPreviousResults request : DELETE FROM result_location WHERE session_id = ? OR ((NOW()-_creationdt)> '2 day')
2011-03-31T16:55:22+02:00 INFO : getTablesTree : tableFormat:PLOT_DATA fieldName:IS_FOREST_PLOT schemaCode:RAW_DATA
2011-03-31T16:55:22+02:00 INFO : getTablesTree :  SELECT child_table, parent_table, join_key, primary_key, table_format.table_name  FROM table_tree  LEFT JOIN table_format on (child_table = table_format.format)  WHERE child_table = ?  AND table_tree.schema_code = ?
2011-03-31T16:55:22+02:00 INFO : getTablesTree : tableFormat:LOCATION_DATA fieldName:IS_FOREST_PLOT schemaCode:RAW_DATA
2011-03-31T16:55:22+02:00 INFO : getTablesTree :  SELECT child_table, parent_table, join_key, primary_key, table_format.table_name  FROM table_tree  LEFT JOIN table_format on (child_table = table_format.format)  WHERE child_table = ?  AND table_tree.schema_code = ?
2011-03-31T16:55:22+02:00 INFO : getTablesTree : tableFormat:PLOT_DATA fieldName:PLOT_CODE schemaCode:RAW_DATA
2011-03-31T16:55:22+02:00 INFO : getTablesTree :  SELECT child_table, parent_table, join_key, primary_key, table_format.table_name  FROM table_tree  LEFT JOIN table_format on (child_table = table_format.format)  WHERE child_table = ?  AND table_tree.schema_code = ?
2011-03-31T16:55:22+02:00 INFO : getTablesTree : tableFormat:LOCATION_DATA fieldName:PLOT_CODE schemaCode:RAW_DATA
2011-03-31T16:55:22+02:00 INFO : getTablesTree :  SELECT child_table, parent_table, join_key, primary_key, table_format.table_name  FROM table_tree  LEFT JOIN table_format on (child_table = table_format.format)  WHERE child_table = ?  AND table_tree.schema_code = ?
2011-03-31T16:55:22+02:00 INFO : getTablesTree : tableFormat:PLOT_DATA fieldName:CYCLE schemaCode:RAW_DATA
2011-03-31T16:55:22+02:00 INFO : getTablesTree :  SELECT child_table, parent_table, join_key, primary_key, table_format.table_name  FROM table_tree  LEFT JOIN table_format on (child_table = table_format.format)  WHERE child_table = ?  AND table_tree.schema_code = ?
2011-03-31T16:55:22+02:00 INFO : getTablesTree : tableFormat:LOCATION_DATA fieldName:CYCLE schemaCode:RAW_DATA
2011-03-31T16:55:22+02:00 INFO : getTablesTree :  SELECT child_table, parent_table, join_key, primary_key, table_format.table_name  FROM table_tree  LEFT JOIN table_format on (child_table = table_format.format)  WHERE child_table = ?  AND table_tree.schema_code = ?
2011-03-31T16:55:22+02:00 INFO : getTablesTree : tableFormat:PLOT_DATA fieldName:INV_DATE schemaCode:RAW_DATA
2011-03-31T16:55:22+02:00 INFO : getTablesTree :  SELECT child_table, parent_table, join_key, primary_key, table_format.table_name  FROM table_tree  LEFT JOIN table_format on (child_table = table_format.format)  WHERE child_table = ?  AND table_tree.schema_code = ?
2011-03-31T16:55:22+02:00 INFO : getTablesTree : tableFormat:LOCATION_DATA fieldName:INV_DATE schemaCode:RAW_DATA
2011-03-31T16:55:22+02:00 INFO : getTablesTree :  SELECT child_table, parent_table, join_key, primary_key, table_format.table_name  FROM table_tree  LEFT JOIN table_format on (child_table = table_format.format)  WHERE child_table = ?  AND table_tree.schema_code = ?
2011-03-31T16:55:22+02:00 INFO : getTablesTree : tableFormat:PLOT_DATA fieldName:COMMENT schemaCode:RAW_DATA
2011-03-31T16:55:22+02:00 INFO : getTablesTree :  SELECT child_table, parent_table, join_key, primary_key, table_format.table_name  FROM table_tree  LEFT JOIN table_format on (child_table = table_format.format)  WHERE child_table = ?  AND table_tree.schema_code = ?
2011-03-31T16:55:22+02:00 INFO : getTablesTree : tableFormat:LOCATION_DATA fieldName:COMMENT schemaCode:RAW_DATA
2011-03-31T16:55:22+02:00 INFO : getTablesTree :  SELECT child_table, parent_table, join_key, primary_key, table_format.table_name  FROM table_tree  LEFT JOIN table_format on (child_table = table_format.format)  WHERE child_table = ?  AND table_tree.schema_code = ?
2011-03-31T16:55:22+02:00 DEBUG : getLocationTableFields : RAW_DATA
2011-03-31T16:55:22+02:00 INFO : getTableFields : SELECT DISTINCT table_field.*, data.label, data.unit, unit.type, data.definition  FROM table_field  LEFT JOIN table_format on (table_field.format = table_format.format)  LEFT JOIN data on (table_field.data = data.data)  LEFT JOIN unit on (data.unit = unit.unit)  WHERE table_field.format IN ( 'LOCATION_DATA', 'PLOT_DATA' )  AND table_format.schema_code = ?  AND data.unit = 'GEOM' 
2011-03-31T16:55:22+02:00 INFO : fillLocationResult :  INSERT INTO result_location (session_id, provider_id, plot_code, the_geom )  SELECT DISTINCT 'f096cd396a5283a6ef80d1651faa84f19ada5211', LOCATION_DATA.provider_id, LOCATION_DATA.plot_code, st_transform(LOCATION_DATA.the_geom,3035) as the_geom  FROM LOCATION LOCATION_DATA JOIN PLOT_DATA PLOT_DATA on (PLOT_DATA.PROVIDER_ID = LOCATION_DATA.PROVIDER_ID AND PLOT_DATA.PLOT_CODE = LOCATION_DATA.PLOT_CODE) WHERE (1 = 1)  AND PLOT_DATA.IS_FOREST_PLOT = '1'
2011-03-31T16:55:25+02:00 INFO : executeRequest : SELECT COUNT(*) as count FROM result_location WHERE session_id = 'f096cd396a5283a6ef80d1651faa84f19ada5211'
2011-03-31T16:55:25+02:00 INFO : getFormField : PLOT_FORM, PLOT_CODE
2011-03-31T16:55:25+02:00 INFO : getFormField : PLOT_FORM, CYCLE
2011-03-31T16:55:25+02:00 INFO : getFormField : PLOT_FORM, INV_DATE
2011-03-31T16:55:25+02:00 INFO : getFormField : PLOT_FORM, IS_FOREST_PLOT
2011-03-31T16:55:25+02:00 INFO : getFormField : PLOT_FORM, COMMENT
2011-03-31T16:55:26+02:00 DEBUG : **********************************************************************
2011-03-31T16:55:26+02:00 DEBUG : Logs initialised
2011-03-31T16:55:26+02:00 DEBUG : Database initialised
2011-03-31T16:55:26+02:00 DEBUG : Registry initialised
2011-03-31T16:55:26+02:00 DEBUG : preDispatch user logged : admin user
2011-03-31T16:55:26+02:00 DEBUG : ajaxgetresultrows
2011-03-31T16:55:26+02:00 INFO : executeRequest : SELECT DISTINCT PLOT_DATA.PLOT_CODE as PLOT_DATA__PLOT_CODE, PLOT_DATA.CYCLE as PLOT_DATA__CYCLE, to_char(PLOT_DATA.INV_DATE, 'YYYY/MM/DD') as PLOT_DATA__INV_DATE, PLOT_DATA.IS_FOREST_PLOT as PLOT_DATA__IS_FOREST_PLOT, PLOT_DATA.COMMENT as PLOT_DATA__COMMENT, 'SCHEMA/RAW_DATA/FORMAT/PLOT_DATA' || '/' || 'PROVIDER_ID/' ||PLOT_DATA.PROVIDER_ID || '/' || 'PLOT_CODE/' ||PLOT_DATA.PLOT_CODE || '/' || 'CYCLE/' ||PLOT_DATA.CYCLE as id, astext(centroid(st_transform(LOCATION_DATA.THE_GEOM,3035))) as location_centroid  FROM LOCATION LOCATION_DATA JOIN PLOT_DATA PLOT_DATA on (PLOT_DATA.PROVIDER_ID = LOCATION_DATA.PROVIDER_ID AND PLOT_DATA.PLOT_CODE = LOCATION_DATA.PLOT_CODE) WHERE (1 = 1)  AND PLOT_DATA.IS_FOREST_PLOT = '1' ORDER BY id LIMIT 20
2011-03-31T16:55:27+02:00 DEBUG : **********************************************************************
2011-03-31T16:55:27+02:00 DEBUG : Logs initialised
2011-03-31T16:55:27+02:00 DEBUG : **********************************************************************
2011-03-31T16:55:27+02:00 DEBUG : Logs initialised
2011-03-31T16:55:27+02:00 DEBUG : Database initialised
2011-03-31T16:55:27+02:00 DEBUG : Registry initialised
2011-03-31T16:55:27+02:00 DEBUG : Database initialised
2011-03-31T16:55:27+02:00 DEBUG : Registry initialised
2011-03-31T16:55:27+02:00 DEBUG : preDispatch user logged : admin user
2011-03-31T16:55:27+02:00 DEBUG : redirect gettile : http://localhost/cgi-bin/mapserv.exe?map=C:/workspace/OGAM/Mapserv/ogam.map&sessionid=f096cd396a5283a6ef80d1651faa84f19ada5211&LAYERS=result_locations&TRANSPARENT=true&FORMAT=image%2FPNG&ISHIDDEN=false&ISDISABLED=true&ISCHECKED=true&ACTIVATETYPE=REQUEST&HASSLD=false&SESSION_ID=f096cd396a5283a6ef80d1651faa84f19ada5211&COUNTRY_CODE=1&SERVICE=WMS&VERSION=1.1.1&REQUEST=GetMap&STYLES=&EXCEPTIONS=application%2Fvnd.ogc.se_inimage&SRS=EPSG%3A3035&_OLSALT=0.07567083812875863&BBOX=2249500.7886691,1313542.3667534,5170499.211331,3906457.6332466&WIDTH=828&HEIGHT=735
2011-03-31T16:55:27+02:00 DEBUG : preDispatch user logged : admin user
2011-03-31T16:55:27+02:00 DEBUG : ajaxgetresultsbboxAction
2011-03-31T16:55:27+02:00 INFO : getResultsBBox session_id : f096cd396a5283a6ef80d1651faa84f19ada5211
2011-03-31T16:55:27+02:00 INFO : getResultsBBox request : SELECT astext(st_extent(transform(the_geom,3035))) as wkt FROM result_location WHERE session_id = ?
2011-03-31T16:55:35+02:00 DEBUG : **********************************************************************
2011-03-31T16:55:35+02:00 DEBUG : Logs initialised
2011-03-31T16:55:35+02:00 DEBUG : Database initialised
2011-03-31T16:55:35+02:00 DEBUG : Registry initialised
2011-03-31T16:55:35+02:00 DEBUG : preDispatch user logged : admin user
2011-03-31T16:55:35+02:00 DEBUG : ajaxgetpredefinedrequestlist
2011-03-31T16:55:35+02:00 INFO : getPredefinedRequestList :  SELECT pr.request_name,        pr.label as label,        pr.definition as definition,        pr.date,        pr.schema_code,        pr.dataset_id,        prga.position,        prg.group_name as group_name,        prg.label as group_label,        prg.position as group_position,        dataset.label as dataset_label FROM predefined_request pr  JOIN predefined_request_group_asso prga using (request_name) JOIN predefined_request_group prg using (group_name) LEFT JOIN dataset on (pr.dataset_id = dataset.dataset_id) WHERE pr.schema_code = 'RAW_DATA' ORDER BY request_name ASC
2011-03-31T16:55:36+02:00 DEBUG : **********************************************************************
2011-03-31T16:55:36+02:00 DEBUG : Logs initialised
2011-03-31T16:55:36+02:00 DEBUG : Database initialised
2011-03-31T16:55:36+02:00 DEBUG : Registry initialised
2011-03-31T16:55:36+02:00 DEBUG : preDispatch user logged : admin user
2011-03-31T16:55:36+02:00 DEBUG : ajaxgetpredefinedrequestlist
2011-03-31T16:55:36+02:00 INFO : getPredefinedRequestList :  SELECT pr.request_name,        pr.label as label,        pr.definition as definition,        pr.date,        pr.schema_code,        pr.dataset_id,        prga.position,        prg.group_name as group_name,        prg.label as group_label,        prg.position as group_position,        dataset.label as dataset_label FROM predefined_request pr  JOIN predefined_request_group_asso prga using (request_name) JOIN predefined_request_group prg using (group_name) LEFT JOIN dataset on (pr.dataset_id = dataset.dataset_id) WHERE pr.schema_code = 'RAW_DATA' ORDER BY request_name ASC
2011-03-31T17:10:16+02:00 DEBUG : **********************************************************************
2011-03-31T17:10:16+02:00 DEBUG : Logs initialised
2011-03-31T17:10:16+02:00 DEBUG : Database initialised
2011-03-31T17:10:16+02:00 DEBUG : Registry initialised
2011-03-31T17:10:17+02:00 ERR : Error: Invalid controller specified (rtm2)
in file: C:\SERVERS\ms4w\apps\RTM2\trunk\website\htdocs\ogam\library\Zend\Controller\Dispatcher\Standard.php
on line: 248
trace: Array
(
    [0] => Array
        (
            [file] => C:\SERVERS\ms4w\apps\RTM2\trunk\website\htdocs\ogam\library\Zend\Controller\Front.php
            [line] => 954
            [function] => dispatch
            [class] => Zend_Controller_Dispatcher_Standard
            [type] => ->
            [args] => Array
                (
                    [0] => Zend_Controller_Request_Http Object
                        (
                            [_paramSources:protected] => Array
                                (
                                    [0] => _GET
                                    [1] => _POST
                                )

                            [_requestUri:protected] => /rtm2/
                            [_baseUrl:protected] => 
                            [_basePath:protected] => 
                            [_pathInfo:protected] => /rtm2/
                            [_params:protected] => Array
                                (
                                    [controller] => rtm2
                                    [action] => index
                                    [module] => default
                                )

                            [_rawBody:protected] => 
                            [_aliases:protected] => Array
                                (
                                )

                            [_dispatched:protected] => 1
                            [_module:protected] => default
                            [_moduleKey:protected] => module
                            [_controller:protected] => rtm2
                            [_controllerKey:protected] => controller
                            [_action:protected] => index
                            [_actionKey:protected] => action
                        )

                    [1] => Zend_Controller_Response_Http Object
                        (
                            [_body:protected] => Array
                                (
                                )

                            [_exceptions:protected] => Array
                                (
                                )

                            [_headers:protected] => Array
                                (
                                )

                            [_headersRaw:protected] => Array
                                (
                                )

                            [_httpResponseCode:protected] => 200
                            [_isRedirect:protected] => 
                            [_renderExceptions:protected] => 
                            [headersSentThrowsException] => 1
                        )

                )

        )

    [1] => Array
        (
            [file] => C:\SERVERS\ms4w\apps\RTM2\trunk\website\htdocs\ogam\public\index.php
            [line] => 66
            [function] => dispatch
            [class] => Zend_Controller_Front
            [type] => ->
            [args] => Array
                (
                )

        )

)

2011-03-31T17:10:18+02:00 DEBUG : **********************************************************************
2011-03-31T17:10:18+02:00 DEBUG : Logs initialised
2011-03-31T17:10:18+02:00 DEBUG : Database initialised
2011-03-31T17:10:18+02:00 DEBUG : Registry initialised
2011-03-31T17:10:18+02:00 ERR : Error: Invalid controller specified (rtm2)
in file: C:\SERVERS\ms4w\apps\RTM2\trunk\website\htdocs\ogam\library\Zend\Controller\Dispatcher\Standard.php
on line: 248
trace: Array
(
    [0] => Array
        (
            [file] => C:\SERVERS\ms4w\apps\RTM2\trunk\website\htdocs\ogam\library\Zend\Controller\Front.php
            [line] => 954
            [function] => dispatch
            [class] => Zend_Controller_Dispatcher_Standard
            [type] => ->
            [args] => Array
                (
                    [0] => Zend_Controller_Request_Http Object
                        (
                            [_paramSources:protected] => Array
                                (
                                    [0] => _GET
                                    [1] => _POST
                                )

                            [_requestUri:protected] => /rtm2/
                            [_baseUrl:protected] => 
                            [_basePath:protected] => 
                            [_pathInfo:protected] => /rtm2/
                            [_params:protected] => Array
                                (
                                    [controller] => rtm2
                                    [action] => index
                                    [module] => default
                                )

                            [_rawBody:protected] => 
                            [_aliases:protected] => Array
                                (
                                )

                            [_dispatched:protected] => 1
                            [_module:protected] => default
                            [_moduleKey:protected] => module
                            [_controller:protected] => rtm2
                            [_controllerKey:protected] => controller
                            [_action:protected] => index
                            [_actionKey:protected] => action
                        )

                    [1] => Zend_Controller_Response_Http Object
                        (
                            [_body:protected] => Array
                                (
                                )

                            [_exceptions:protected] => Array
                                (
                                )

                            [_headers:protected] => Array
                                (
                                )

                            [_headersRaw:protected] => Array
                                (
                                )

                            [_httpResponseCode:protected] => 200
                            [_isRedirect:protected] => 
                            [_renderExceptions:protected] => 
                            [headersSentThrowsException] => 1
                        )

                )

        )

    [1] => Array
        (
            [file] => C:\SERVERS\ms4w\apps\RTM2\trunk\website\htdocs\ogam\public\index.php
            [line] => 66
            [function] => dispatch
            [class] => Zend_Controller_Front
            [type] => ->
            [args] => Array
                (
                )

        )

)

2011-03-31T17:10:56+02:00 DEBUG : **********************************************************************
2011-03-31T17:10:56+02:00 DEBUG : Logs initialised
2011-03-31T17:10:56+02:00 DEBUG : Database initialised
2011-03-31T17:10:56+02:00 DEBUG : Registry initialised
2011-03-31T17:10:56+02:00 ERR : Error: Invalid controller specified (rtm2)
in file: C:\SERVERS\ms4w\apps\RTM2\trunk\website\htdocs\ogam\library\Zend\Controller\Dispatcher\Standard.php
on line: 248
trace: Array
(
    [0] => Array
        (
            [file] => C:\SERVERS\ms4w\apps\RTM2\trunk\website\htdocs\ogam\library\Zend\Controller\Front.php
            [line] => 954
            [function] => dispatch
            [class] => Zend_Controller_Dispatcher_Standard
            [type] => ->
            [args] => Array
                (
                    [0] => Zend_Controller_Request_Http Object
                        (
                            [_paramSources:protected] => Array
                                (
                                    [0] => _GET
                                    [1] => _POST
                                )

                            [_requestUri:protected] => /rtm2/
                            [_baseUrl:protected] => 
                            [_basePath:protected] => 
                            [_pathInfo:protected] => /rtm2/
                            [_params:protected] => Array
                                (
                                    [controller] => rtm2
                                    [action] => index
                                    [module] => default
                                )

                            [_rawBody:protected] => 
                            [_aliases:protected] => Array
                                (
                                )

                            [_dispatched:protected] => 1
                            [_module:protected] => default
                            [_moduleKey:protected] => module
                            [_controller:protected] => rtm2
                            [_controllerKey:protected] => controller
                            [_action:protected] => index
                            [_actionKey:protected] => action
                        )

                    [1] => Zend_Controller_Response_Http Object
                        (
                            [_body:protected] => Array
                                (
                                )

                            [_exceptions:protected] => Array
                                (
                                )

                            [_headers:protected] => Array
                                (
                                )

                            [_headersRaw:protected] => Array
                                (
                                )

                            [_httpResponseCode:protected] => 200
                            [_isRedirect:protected] => 
                            [_renderExceptions:protected] => 
                            [headersSentThrowsException] => 1
                        )

                )

        )

    [1] => Array
        (
            [file] => C:\SERVERS\ms4w\apps\RTM2\trunk\website\htdocs\ogam\public\index.php
            [line] => 66
            [function] => dispatch
            [class] => Zend_Controller_Front
            [type] => ->
            [args] => Array
                (
                )

        )

)

2011-03-31T17:10:57+02:00 DEBUG : **********************************************************************
2011-03-31T17:10:57+02:00 DEBUG : Logs initialised
2011-03-31T17:10:57+02:00 DEBUG : Database initialised
2011-03-31T17:10:57+02:00 DEBUG : Registry initialised
2011-03-31T17:10:57+02:00 ERR : Error: Invalid controller specified (rtm2)
in file: C:\SERVERS\ms4w\apps\RTM2\trunk\website\htdocs\ogam\library\Zend\Controller\Dispatcher\Standard.php
on line: 248
trace: Array
(
    [0] => Array
        (
            [file] => C:\SERVERS\ms4w\apps\RTM2\trunk\website\htdocs\ogam\library\Zend\Controller\Front.php
            [line] => 954
            [function] => dispatch
            [class] => Zend_Controller_Dispatcher_Standard
            [type] => ->
            [args] => Array
                (
                    [0] => Zend_Controller_Request_Http Object
                        (
                            [_paramSources:protected] => Array
                                (
                                    [0] => _GET
                                    [1] => _POST
                                )

                            [_requestUri:protected] => /rtm2/
                            [_baseUrl:protected] => 
                            [_basePath:protected] => 
                            [_pathInfo:protected] => /rtm2/
                            [_params:protected] => Array
                                (
                                    [controller] => rtm2
                                    [action] => index
                                    [module] => default
                                )

                            [_rawBody:protected] => 
                            [_aliases:protected] => Array
                                (
                                )

                            [_dispatched:protected] => 1
                            [_module:protected] => default
                            [_moduleKey:protected] => module
                            [_controller:protected] => rtm2
                            [_controllerKey:protected] => controller
                            [_action:protected] => index
                            [_actionKey:protected] => action
                        )

                    [1] => Zend_Controller_Response_Http Object
                        (
                            [_body:protected] => Array
                                (
                                )

                            [_exceptions:protected] => Array
                                (
                                )

                            [_headers:protected] => Array
                                (
                                )

                            [_headersRaw:protected] => Array
                                (
                                )

                            [_httpResponseCode:protected] => 200
                            [_isRedirect:protected] => 
                            [_renderExceptions:protected] => 
                            [headersSentThrowsException] => 1
                        )

                )

        )

    [1] => Array
        (
            [file] => C:\SERVERS\ms4w\apps\RTM2\trunk\website\htdocs\ogam\public\index.php
            [line] => 66
            [function] => dispatch
            [class] => Zend_Controller_Front
            [type] => ->
            [args] => Array
                (
                )

        )

)

2011-03-31T17:11:32+02:00 DEBUG : **********************************************************************
2011-03-31T17:11:32+02:00 DEBUG : Logs initialised
2011-03-31T17:11:32+02:00 DEBUG : Database initialised
2011-03-31T17:11:32+02:00 DEBUG : Registry initialised
2011-03-31T17:11:32+02:00 ERR : Error: Invalid controller specified (rtm2)
in file: C:\SERVERS\ms4w\apps\RTM2\trunk\website\htdocs\ogam\library\Zend\Controller\Dispatcher\Standard.php
on line: 248
trace: Array
(
    [0] => Array
        (
            [file] => C:\SERVERS\ms4w\apps\RTM2\trunk\website\htdocs\ogam\library\Zend\Controller\Front.php
            [line] => 954
            [function] => dispatch
            [class] => Zend_Controller_Dispatcher_Standard
            [type] => ->
            [args] => Array
                (
                    [0] => Zend_Controller_Request_Http Object
                        (
                            [_paramSources:protected] => Array
                                (
                                    [0] => _GET
                                    [1] => _POST
                                )

                            [_requestUri:protected] => /rtm2/
                            [_baseUrl:protected] => 
                            [_basePath:protected] => 
                            [_pathInfo:protected] => /rtm2/
                            [_params:protected] => Array
                                (
                                    [controller] => rtm2
                                    [action] => index
                                    [module] => default
                                )

                            [_rawBody:protected] => 
                            [_aliases:protected] => Array
                                (
                                )

                            [_dispatched:protected] => 1
                            [_module:protected] => default
                            [_moduleKey:protected] => module
                            [_controller:protected] => rtm2
                            [_controllerKey:protected] => controller
                            [_action:protected] => index
                            [_actionKey:protected] => action
                        )

                    [1] => Zend_Controller_Response_Http Object
                        (
                            [_body:protected] => Array
                                (
                                )

                            [_exceptions:protected] => Array
                                (
                                )

                            [_headers:protected] => Array
                                (
                                )

                            [_headersRaw:protected] => Array
                                (
                                )

                            [_httpResponseCode:protected] => 200
                            [_isRedirect:protected] => 
                            [_renderExceptions:protected] => 
                            [headersSentThrowsException] => 1
                        )

                )

        )

    [1] => Array
        (
            [file] => C:\SERVERS\ms4w\apps\RTM2\trunk\website\htdocs\ogam\public\index.php
            [line] => 66
            [function] => dispatch
            [class] => Zend_Controller_Front
            [type] => ->
            [args] => Array
                (
                )

        )

)

2011-03-31T17:11:40+02:00 DEBUG : **********************************************************************
2011-03-31T17:11:40+02:00 DEBUG : Logs initialised
2011-03-31T17:11:40+02:00 DEBUG : Database initialised
2011-03-31T17:11:40+02:00 DEBUG : Registry initialised
2011-03-31T17:11:40+02:00 ERR : Error: Invalid controller specified (rtm2)
in file: C:\SERVERS\ms4w\apps\RTM2\trunk\website\htdocs\ogam\library\Zend\Controller\Dispatcher\Standard.php
on line: 248
trace: Array
(
    [0] => Array
        (
            [file] => C:\SERVERS\ms4w\apps\RTM2\trunk\website\htdocs\ogam\library\Zend\Controller\Front.php
            [line] => 954
            [function] => dispatch
            [class] => Zend_Controller_Dispatcher_Standard
            [type] => ->
            [args] => Array
                (
                    [0] => Zend_Controller_Request_Http Object
                        (
                            [_paramSources:protected] => Array
                                (
                                    [0] => _GET
                                    [1] => _POST
                                )

                            [_requestUri:protected] => /rtm2/index.php
                            [_baseUrl:protected] => /rtm2/ogam/public/index.php
                            [_basePath:protected] => 
                            [_pathInfo:protected] => /rtm2/index.php
                            [_params:protected] => Array
                                (
                                    [controller] => rtm2
                                    [action] => index.php
                                    [module] => default
                                )

                            [_rawBody:protected] => 
                            [_aliases:protected] => Array
                                (
                                )

                            [_dispatched:protected] => 1
                            [_module:protected] => default
                            [_moduleKey:protected] => module
                            [_controller:protected] => rtm2
                            [_controllerKey:protected] => controller
                            [_action:protected] => index.php
                            [_actionKey:protected] => action
                        )

                    [1] => Zend_Controller_Response_Http Object
                        (
                            [_body:protected] => Array
                                (
                                )

                            [_exceptions:protected] => Array
                                (
                                )

                            [_headers:protected] => Array
                                (
                                )

                            [_headersRaw:protected] => Array
                                (
                                )

                            [_httpResponseCode:protected] => 200
                            [_isRedirect:protected] => 
                            [_renderExceptions:protected] => 
                            [headersSentThrowsException] => 1
                        )

                )

        )

    [1] => Array
        (
            [file] => C:\SERVERS\ms4w\apps\RTM2\trunk\website\htdocs\ogam\public\index.php
            [line] => 66
            [function] => dispatch
            [class] => Zend_Controller_Front
            [type] => ->
            [args] => Array
                (
                )

        )

)

2011-03-31T17:20:00+02:00 DEBUG : **********************************************************************
2011-03-31T17:20:00+02:00 DEBUG : Logs initialised
2011-03-31T17:20:00+02:00 DEBUG : Database initialised
2011-03-31T17:20:00+02:00 DEBUG : Registry initialised
2011-03-31T17:20:00+02:00 ERR : Error: Invalid controller specified (rtm2)
in file: C:\SERVERS\ms4w\apps\RTM2\trunk\website\htdocs\ogam\library\Zend\Controller\Dispatcher\Standard.php
on line: 248
trace: Array
(
    [0] => Array
        (
            [file] => C:\SERVERS\ms4w\apps\RTM2\trunk\website\htdocs\ogam\library\Zend\Controller\Front.php
            [line] => 954
            [function] => dispatch
            [class] => Zend_Controller_Dispatcher_Standard
            [type] => ->
            [args] => Array
                (
                    [0] => Zend_Controller_Request_Http Object
                        (
                            [_paramSources:protected] => Array
                                (
                                    [0] => _GET
                                    [1] => _POST
                                )

                            [_requestUri:protected] => /rtm2/index.php
                            [_baseUrl:protected] => /rtm2/ogam/public/index.php
                            [_basePath:protected] => 
                            [_pathInfo:protected] => /rtm2/index.php
                            [_params:protected] => Array
                                (
                                    [controller] => rtm2
                                    [action] => index.php
                                    [module] => default
                                )

                            [_rawBody:protected] => 
                            [_aliases:protected] => Array
                                (
                                )

                            [_dispatched:protected] => 1
                            [_module:protected] => default
                            [_moduleKey:protected] => module
                            [_controller:protected] => rtm2
                            [_controllerKey:protected] => controller
                            [_action:protected] => index.php
                            [_actionKey:protected] => action
                        )

                    [1] => Zend_Controller_Response_Http Object
                        (
                            [_body:protected] => Array
                                (
                                )

                            [_exceptions:protected] => Array
                                (
                                )

                            [_headers:protected] => Array
                                (
                                )

                            [_headersRaw:protected] => Array
                                (
                                )

                            [_httpResponseCode:protected] => 200
                            [_isRedirect:protected] => 
                            [_renderExceptions:protected] => 
                            [headersSentThrowsException] => 1
                        )

                )

        )

    [1] => Array
        (
            [file] => C:\SERVERS\ms4w\apps\RTM2\trunk\website\htdocs\ogam\public\index.php
            [line] => 66
            [function] => dispatch
            [class] => Zend_Controller_Front
            [type] => ->
            [args] => Array
                (
                )

        )

)

2011-03-31T17:27:16+02:00 DEBUG : **********************************************************************
2011-03-31T17:27:16+02:00 DEBUG : Logs initialised
2011-03-31T17:27:16+02:00 DEBUG : Database initialised
2011-03-31T17:27:16+02:00 DEBUG : Registry initialised
2011-03-31T17:27:16+02:00 ERR : Error: Invalid controller specified (rtm2)
in file: C:\SERVERS\ms4w\apps\RTM2\trunk\website\htdocs\ogam\library\Zend\Controller\Dispatcher\Standard.php
on line: 248
trace: Array
(
    [0] => Array
        (
            [file] => C:\SERVERS\ms4w\apps\RTM2\trunk\website\htdocs\ogam\library\Zend\Controller\Front.php
            [line] => 954
            [function] => dispatch
            [class] => Zend_Controller_Dispatcher_Standard
            [type] => ->
            [args] => Array
                (
                    [0] => Zend_Controller_Request_Http Object
                        (
                            [_paramSources:protected] => Array
                                (
                                    [0] => _GET
                                    [1] => _POST
                                )

                            [_requestUri:protected] => /rtm2/index.php
                            [_baseUrl:protected] => /rtm2/ogam/public/index.php
                            [_basePath:protected] => 
                            [_pathInfo:protected] => /rtm2/index.php
                            [_params:protected] => Array
                                (
                                    [controller] => rtm2
                                    [action] => index.php
                                    [module] => default
                                )

                            [_rawBody:protected] => 
                            [_aliases:protected] => Array
                                (
                                )

                            [_dispatched:protected] => 1
                            [_module:protected] => default
                            [_moduleKey:protected] => module
                            [_controller:protected] => rtm2
                            [_controllerKey:protected] => controller
                            [_action:protected] => index.php
                            [_actionKey:protected] => action
                        )

                    [1] => Zend_Controller_Response_Http Object
                        (
                            [_body:protected] => Array
                                (
                                )

                            [_exceptions:protected] => Array
                                (
                                )

                            [_headers:protected] => Array
                                (
                                )

                            [_headersRaw:protected] => Array
                                (
                                )

                            [_httpResponseCode:protected] => 200
                            [_isRedirect:protected] => 
                            [_renderExceptions:protected] => 
                            [headersSentThrowsException] => 1
                        )

                )

        )

    [1] => Array
        (
            [file] => C:\SERVERS\ms4w\apps\RTM2\trunk\website\htdocs\ogam\public\index.php
            [line] => 66
            [function] => dispatch
            [class] => Zend_Controller_Front
            [type] => ->
            [args] => Array
                (
                )

        )

)

2011-03-31T17:28:58+02:00 DEBUG : **********************************************************************
2011-03-31T17:28:58+02:00 DEBUG : Logs initialised
2011-03-31T17:28:58+02:00 DEBUG : Database initialised
2011-03-31T17:28:58+02:00 DEBUG : Registry initialised
2011-03-31T17:28:58+02:00 ERR : Error: Invalid controller specified (rtm2)
in file: C:\SERVERS\ms4w\apps\RTM2\trunk\website\htdocs\ogam\library\Zend\Controller\Dispatcher\Standard.php
on line: 248
trace: Array
(
    [0] => Array
        (
            [file] => C:\SERVERS\ms4w\apps\RTM2\trunk\website\htdocs\ogam\library\Zend\Controller\Front.php
            [line] => 954
            [function] => dispatch
            [class] => Zend_Controller_Dispatcher_Standard
            [type] => ->
            [args] => Array
                (
                    [0] => Zend_Controller_Request_Http Object
                        (
                            [_paramSources:protected] => Array
                                (
                                    [0] => _GET
                                    [1] => _POST
                                )

                            [_requestUri:protected] => /rtm2/index.php
                            [_baseUrl:protected] => /rtm2/ogam/public/index.php
                            [_basePath:protected] => 
                            [_pathInfo:protected] => /rtm2/index.php
                            [_params:protected] => Array
                                (
                                    [controller] => rtm2
                                    [action] => index.php
                                    [module] => default
                                )

                            [_rawBody:protected] => 
                            [_aliases:protected] => Array
                                (
                                )

                            [_dispatched:protected] => 1
                            [_module:protected] => default
                            [_moduleKey:protected] => module
                            [_controller:protected] => rtm2
                            [_controllerKey:protected] => controller
                            [_action:protected] => index.php
                            [_actionKey:protected] => action
                        )

                    [1] => Zend_Controller_Response_Http Object
                        (
                            [_body:protected] => Array
                                (
                                )

                            [_exceptions:protected] => Array
                                (
                                )

                            [_headers:protected] => Array
                                (
                                )

                            [_headersRaw:protected] => Array
                                (
                                )

                            [_httpResponseCode:protected] => 200
                            [_isRedirect:protected] => 
                            [_renderExceptions:protected] => 
                            [headersSentThrowsException] => 1
                        )

                )

        )

    [1] => Array
        (
            [file] => C:\SERVERS\ms4w\apps\RTM2\trunk\website\htdocs\ogam\public\index.php
            [line] => 66
            [function] => dispatch
            [class] => Zend_Controller_Front
            [type] => ->
            [args] => Array
                (
                )

        )

)

2011-03-31T17:29:03+02:00 DEBUG : **********************************************************************
2011-03-31T17:29:03+02:00 DEBUG : Logs initialised
2011-03-31T17:29:03+02:00 DEBUG : Database initialised
2011-03-31T17:29:03+02:00 DEBUG : Registry initialised
2011-03-31T17:29:03+02:00 ERR : Error: Invalid controller specified (rtm2)
in file: C:\SERVERS\ms4w\apps\RTM2\trunk\website\htdocs\ogam\library\Zend\Controller\Dispatcher\Standard.php
on line: 248
trace: Array
(
    [0] => Array
        (
            [file] => C:\SERVERS\ms4w\apps\RTM2\trunk\website\htdocs\ogam\library\Zend\Controller\Front.php
            [line] => 954
            [function] => dispatch
            [class] => Zend_Controller_Dispatcher_Standard
            [type] => ->
            [args] => Array
                (
                    [0] => Zend_Controller_Request_Http Object
                        (
                            [_paramSources:protected] => Array
                                (
                                    [0] => _GET
                                    [1] => _POST
                                )

                            [_requestUri:protected] => /rtm2/index.php
                            [_baseUrl:protected] => /rtm2/ogam/public/index.php
                            [_basePath:protected] => 
                            [_pathInfo:protected] => /rtm2/index.php
                            [_params:protected] => Array
                                (
                                    [controller] => rtm2
                                    [action] => index.php
                                    [module] => default
                                )

                            [_rawBody:protected] => 
                            [_aliases:protected] => Array
                                (
                                )

                            [_dispatched:protected] => 1
                            [_module:protected] => default
                            [_moduleKey:protected] => module
                            [_controller:protected] => rtm2
                            [_controllerKey:protected] => controller
                            [_action:protected] => index.php
                            [_actionKey:protected] => action
                        )

                    [1] => Zend_Controller_Response_Http Object
                        (
                            [_body:protected] => Array
                                (
                                )

                            [_exceptions:protected] => Array
                                (
                                )

                            [_headers:protected] => Array
                                (
                                )

                            [_headersRaw:protected] => Array
                                (
                                )

                            [_httpResponseCode:protected] => 200
                            [_isRedirect:protected] => 
                            [_renderExceptions:protected] => 
                            [headersSentThrowsException] => 1
                        )

                )

        )

    [1] => Array
        (
            [file] => C:\SERVERS\ms4w\apps\RTM2\trunk\website\htdocs\ogam\public\index.php
            [line] => 66
            [function] => dispatch
            [class] => Zend_Controller_Front
            [type] => ->
            [args] => Array
                (
                )

        )

)

2011-03-31T17:29:06+02:00 DEBUG : **********************************************************************
2011-03-31T17:29:06+02:00 DEBUG : Logs initialised
2011-03-31T17:29:06+02:00 DEBUG : Database initialised
2011-03-31T17:29:06+02:00 DEBUG : Registry initialised
2011-03-31T17:29:06+02:00 ERR : Error: Invalid controller specified (rtm2)
in file: C:\SERVERS\ms4w\apps\RTM2\trunk\website\htdocs\ogam\library\Zend\Controller\Dispatcher\Standard.php
on line: 248
trace: Array
(
    [0] => Array
        (
            [file] => C:\SERVERS\ms4w\apps\RTM2\trunk\website\htdocs\ogam\library\Zend\Controller\Front.php
            [line] => 954
            [function] => dispatch
            [class] => Zend_Controller_Dispatcher_Standard
            [type] => ->
            [args] => Array
                (
                    [0] => Zend_Controller_Request_Http Object
                        (
                            [_paramSources:protected] => Array
                                (
                                    [0] => _GET
                                    [1] => _POST
                                )

                            [_requestUri:protected] => /rtm2/index.php
                            [_baseUrl:protected] => /rtm2/ogam/public/index.php
                            [_basePath:protected] => 
                            [_pathInfo:protected] => /rtm2/index.php
                            [_params:protected] => Array
                                (
                                    [controller] => rtm2
                                    [action] => index.php
                                    [module] => default
                                )

                            [_rawBody:protected] => 
                            [_aliases:protected] => Array
                                (
                                )

                            [_dispatched:protected] => 1
                            [_module:protected] => default
                            [_moduleKey:protected] => module
                            [_controller:protected] => rtm2
                            [_controllerKey:protected] => controller
                            [_action:protected] => index.php
                            [_actionKey:protected] => action
                        )

                    [1] => Zend_Controller_Response_Http Object
                        (
                            [_body:protected] => Array
                                (
                                )

                            [_exceptions:protected] => Array
                                (
                                )

                            [_headers:protected] => Array
                                (
                                )

                            [_headersRaw:protected] => Array
                                (
                                )

                            [_httpResponseCode:protected] => 200
                            [_isRedirect:protected] => 
                            [_renderExceptions:protected] => 
                            [headersSentThrowsException] => 1
                        )

                )

        )

    [1] => Array
        (
            [file] => C:\SERVERS\ms4w\apps\RTM2\trunk\website\htdocs\ogam\public\index.php
            [line] => 66
            [function] => dispatch
            [class] => Zend_Controller_Front
            [type] => ->
            [args] => Array
                (
                )

        )

)

2011-03-31T17:29:09+02:00 DEBUG : **********************************************************************
2011-03-31T17:29:09+02:00 DEBUG : Logs initialised
2011-03-31T17:29:09+02:00 DEBUG : Database initialised
2011-03-31T17:29:09+02:00 DEBUG : Registry initialised
2011-03-31T17:29:09+02:00 ERR : Error: Invalid controller specified (rtm2)
in file: C:\SERVERS\ms4w\apps\RTM2\trunk\website\htdocs\ogam\library\Zend\Controller\Dispatcher\Standard.php
on line: 248
trace: Array
(
    [0] => Array
        (
            [file] => C:\SERVERS\ms4w\apps\RTM2\trunk\website\htdocs\ogam\library\Zend\Controller\Front.php
            [line] => 954
            [function] => dispatch
            [class] => Zend_Controller_Dispatcher_Standard
            [type] => ->
            [args] => Array
                (
                    [0] => Zend_Controller_Request_Http Object
                        (
                            [_paramSources:protected] => Array
                                (
                                    [0] => _GET
                                    [1] => _POST
                                )

                            [_requestUri:protected] => /rtm2/index.php
                            [_baseUrl:protected] => /rtm2/ogam/public/index.php
                            [_basePath:protected] => 
                            [_pathInfo:protected] => /rtm2/index.php
                            [_params:protected] => Array
                                (
                                    [controller] => rtm2
                                    [action] => index.php
                                    [module] => default
                                )

                            [_rawBody:protected] => 
                            [_aliases:protected] => Array
                                (
                                )

                            [_dispatched:protected] => 1
                            [_module:protected] => default
                            [_moduleKey:protected] => module
                            [_controller:protected] => rtm2
                            [_controllerKey:protected] => controller
                            [_action:protected] => index.php
                            [_actionKey:protected] => action
                        )

                    [1] => Zend_Controller_Response_Http Object
                        (
                            [_body:protected] => Array
                                (
                                )

                            [_exceptions:protected] => Array
                                (
                                )

                            [_headers:protected] => Array
                                (
                                )

                            [_headersRaw:protected] => Array
                                (
                                )

                            [_httpResponseCode:protected] => 200
                            [_isRedirect:protected] => 
                            [_renderExceptions:protected] => 
                            [headersSentThrowsException] => 1
                        )

                )

        )

    [1] => Array
        (
            [file] => C:\SERVERS\ms4w\apps\RTM2\trunk\website\htdocs\ogam\public\index.php
            [line] => 66
            [function] => dispatch
            [class] => Zend_Controller_Front
            [type] => ->
            [args] => Array
                (
                )

        )

)

